WeatherGarden/unityLibrary/build/intermediates/manifest_merge_blame_file/release/manifest-merger-blame-release-report.txt
1<?xml version="1.0" encoding="utf-8"?>
2<!-- GENERATED BY UNITY. REMOVE THIS COMMENT TO PREVENT OVERWRITING WHEN EXPORTING AGAIN -->
3<manifest xmlns:android="http://schemas.android.com/apk/res/android"
4    xmlns:tools="http://schemas.android.com/tools"
5    package="com.unity3d.player"
6    android:versionCode="1"
7    android:versionName="1.0" >
8
9    <uses-sdk
10        android:minSdkVersion="21"
10-->src\main\AndroidManifest.xml
11        android:targetSdkVersion="32" />
11-->src\main\AndroidManifest.xml
12
13    <uses-feature android:glEsVersion="0x00030000" />
13-->src\main\AndroidManifest.xml:22:3-52
13-->src\main\AndroidManifest.xml:22:17-49
14    <uses-feature
14-->src\main\AndroidManifest.xml:23:3-91
15        android:name="android.hardware.vulkan.version"
15-->src\main\AndroidManifest.xml:23:17-63
16        android:required="false" />
16-->src\main\AndroidManifest.xml:23:64-88
17    <uses-feature
17-->src\main\AndroidManifest.xml:24:3-88
18        android:name="android.hardware.touchscreen"
18-->src\main\AndroidManifest.xml:24:17-60
19        android:required="false" />
19-->src\main\AndroidManifest.xml:24:61-85
20    <uses-feature
20-->src\main\AndroidManifest.xml:25:3-99
21        android:name="android.hardware.touchscreen.multitouch"
21-->src\main\AndroidManifest.xml:25:17-71
22        android:required="false" />
22-->src\main\AndroidManifest.xml:25:72-96
23    <uses-feature
23-->src\main\AndroidManifest.xml:26:3-108
24        android:name="android.hardware.touchscreen.multitouch.distinct"
24-->src\main\AndroidManifest.xml:26:17-80
25        android:required="false" />
25-->src\main\AndroidManifest.xml:26:81-105
26
27    <application>
27-->src\main\AndroidManifest.xml:4:3-21:17
28        <activity
28-->src\main\AndroidManifest.xml:5:5-15:16
29            android:name="com.unity3d.player.UnityPlayerActivity"
29-->src\main\AndroidManifest.xml:5:15-68
30            android:configChanges="mcc|mnc|locale|touchscreen|keyboard|keyboardHidden|navigation|orientation|screenLayout|uiMode|screenSize|smallestScreenSize|fontScale|layoutDirection|density"
30-->src\main\AndroidManifest.xml:5:180-361
31            android:exported="true"
31-->src\main\AndroidManifest.xml:5:432-455
32            android:hardwareAccelerated="false"
32-->src\main\AndroidManifest.xml:5:396-431
33            android:launchMode="singleTask"
33-->src\main\AndroidManifest.xml:5:148-179
34            android:resizeableActivity="true"
34-->src\main\AndroidManifest.xml:5:362-395
35            android:screenOrientation="portrait"
35-->src\main\AndroidManifest.xml:5:111-147
36            android:theme="@style/UnityThemeSelector" >
36-->src\main\AndroidManifest.xml:5:69-110
37            <intent-filter>
37-->src\main\AndroidManifest.xml:6:7-9:23
38                <action android:name="android.intent.action.MAIN" />
38-->src\main\AndroidManifest.xml:7:9-61
38-->src\main\AndroidManifest.xml:7:17-58
39
40                <category android:name="android.intent.category.LAUNCHER" />
40-->src\main\AndroidManifest.xml:8:9-69
40-->src\main\AndroidManifest.xml:8:19-66
41            </intent-filter>
42
43            <meta-data
43-->src\main\AndroidManifest.xml:10:7-82
44                android:name="unityplayer.UnityActivity"
44-->src\main\AndroidManifest.xml:10:18-58
45                android:value="true" />
45-->src\main\AndroidManifest.xml:10:59-79
46            <meta-data
46-->src\main\AndroidManifest.xml:11:7-127
47                android:name="WindowManagerPreference:FreeformWindowSize"
47-->src\main\AndroidManifest.xml:11:18-75
48                android:value="@string/FreeformWindowSize_phone" />
48-->src\main\AndroidManifest.xml:11:76-124
49            <meta-data
49-->src\main\AndroidManifest.xml:12:7-144
50                android:name="WindowManagerPreference:FreeformWindowOrientation"
50-->src\main\AndroidManifest.xml:12:18-82
51                android:value="@string/FreeformWindowOrientation_portrait" />
51-->src\main\AndroidManifest.xml:12:83-141
52
53            <layout
53-->src\main\AndroidManifest.xml:13:7-129
54                android:defaultHeight="1080px"
54-->src\main\AndroidManifest.xml:13:15-45
55                android:defaultWidth="1920px"
55-->src\main\AndroidManifest.xml:13:46-75
56                android:minHeight="300px"
56-->src\main\AndroidManifest.xml:13:76-101
57                android:minWidth="400px" />
57-->src\main\AndroidManifest.xml:13:102-126
58
59            <meta-data
59-->src\main\AndroidManifest.xml:14:7-78
60                android:name="android.notch_support"
60-->src\main\AndroidManifest.xml:14:18-54
61                android:value="true" />
61-->src\main\AndroidManifest.xml:14:55-75
62        </activity>
63
64        <meta-data
64-->src\main\AndroidManifest.xml:16:5-69
65            android:name="unity.splash-mode"
65-->src\main\AndroidManifest.xml:16:16-48
66            android:value="0" />
66-->src\main\AndroidManifest.xml:16:49-66
67        <meta-data
67-->src\main\AndroidManifest.xml:17:5-74
68            android:name="unity.splash-enable"
68-->src\main\AndroidManifest.xml:17:16-50
69            android:value="True" />
69-->src\main\AndroidManifest.xml:17:51-71
70        <meta-data
70-->src\main\AndroidManifest.xml:18:5-83
71            android:name="unity.allow-resizable-window"
71-->src\main\AndroidManifest.xml:18:16-59
72            android:value="True" />
72-->src\main\AndroidManifest.xml:18:60-80
73        <meta-data
73-->src\main\AndroidManifest.xml:19:5-81
74            android:name="notch.config"
74-->src\main\AndroidManifest.xml:19:16-43
75            android:value="portrait|landscape" />
75-->src\main\AndroidManifest.xml:19:44-78
76        <meta-data
76-->src\main\AndroidManifest.xml:20:5-101
77            android:name="unity.build-id"
77-->src\main\AndroidManifest.xml:20:16-45
78            android:value="edbd6f50-e21e-41f6-ac82-4d4d0c0f25b4" />
78-->src\main\AndroidManifest.xml:20:46-98
79    </application>
80
81</manifest>